
Lmod is automatically replacing "GNU/6.4.0-2.28" with "iccifort/2020.4.304".


Lmod is automatically replacing "GNU/6.4.0-2.28" with "iccifort/2020.4.304".


Lmod is automatically replacing "OpenMPI/2.1.2" with "impi/2019.9.304".

-------------------------------------------------------------------------------
The following dependent module(s) are not currently loaded: FFTW/3.3.7 (required by: Boost/1.67.0, Python/3.6.4), OpenBLAS/0.2.20 (required by: ScaLAPACK/2.0.2-OpenBLAS-0.2.20, Boost/1.67.0, Python/3.6.4, ScaLAPACK/2.0.2-OpenBLAS-0.2.20, Boost/1.67.0, Python/3.6.4), ScaLAPACK/2.0.2-OpenBLAS-0.2.20 (required by: Boost/1.67.0, Python/3.6.4)
-------------------------------------------------------------------------------

Inactive Modules:
  1) CMake/3.11.1        4) Python/3.6.4                        7) Tcl/8.6.8
  2) FFTW/3.3.7          5) SQLite/3.21.0                       8) libreadline/7.0
  3) OpenBLAS/0.2.20     6) ScaLAPACK/2.0.2-OpenBLAS-0.2.20     9) tbb/2018_U3

Due to MODULEPATH changes, the following have been reloaded:
  1) Boost/1.67.0     3) bzip2/1.0.6      5) zlib/1.2.11
  2) GMP/6.1.2        4) libffi/3.2.1

The following have been reloaded with a version change:
  1) GCCcore/6.4.0 => GCCcore/10.2.0     3) imkl/2018.1.163 => imkl/2020.4.304
  2) binutils/2.28 => binutils/2.35

Lmod has detected the following error: These module(s) or extension(s) exist
but cannot be loaded as requested: "FFmpeg/3.4"
   Try: "module spider FFmpeg/3.4" to see how to load the module(s).




The following have been reloaded with a version change:
  1) MATLAB/2018a => MATLAB/2019b

 Setting up Laplacians
forrtl: severe (41): insufficient virtual memory
Image              PC                Routine            Line        Source             
kalle_anka.x       0000000000436131  Unknown               Unknown  Unknown
kalle_anka.x       0000000000404D28  Unknown               Unknown  Unknown
kalle_anka.x       0000000000403852  Unknown               Unknown  Unknown
libc-2.17.so       00002B57DA209555  __libc_start_main     Unknown  Unknown
kalle_anka.x       0000000000403769  Unknown               Unknown  Unknown
srun: error: amr-220: task 0: Exited with exit code 41

                            < M A T L A B (R) >
                  Copyright 1984-2019 The MathWorks, Inc.
                  R2019b (9.7.0.1190202) 64-bit (glnxa64)
                              August 21, 2019

 
To get started, type doc.
For product information, visit www.mathworks.com.
 
{Index exceeds the number of array elements (0).

Error in pl (line 4)
u = load(a(1).name);
} 
slurmstepd: error: execve(): ffmpeg: No such file or directory
srun: error: amr-220: task 0: Exited with exit code 2
JobId=20235763 JobName=Incomp_NS
   UserId=lyuliyao(6006467) GroupId=cmse(2362) MCS_label=N/A
   Priority=48897 Nice=0 Account=general QOS=lyuliyao
   JobState=RUNNING Reason=None Dependency=(null)
   Requeue=1 Restarts=0 BatchFlag=1 Reboot=0 ExitCode=0:0
   RunTime=00:00:15 TimeLimit=01:00:00 TimeMin=N/A
   SubmitTime=2021-04-01T04:28:53 EligibleTime=2021-04-01T04:28:53
   AccrueTime=2021-04-01T04:28:53
   StartTime=2021-04-01T04:28:54 EndTime=2021-04-01T05:28:54 Deadline=N/A
   SuspendTime=None SecsPreSuspend=0 LastSchedEval=2021-04-01T04:28:54
   Partition=general-long AllocNode:Sid=dev-intel18:20386
   ReqNodeList=(null) ExcNodeList=(null)
   NodeList=amr-220
   BatchHost=amr-220
   NumNodes=1 NumCPUs=1 NumTasks=1 CPUs/Task=1 ReqB:S:C:T=0:0:*:*
   TRES=cpu=1,mem=16G,node=1,billing=2490
   Socks/Node=* NtasksPerN:B:S:C=0:0:*:* CoreSpec=*
   MinCPUsNode=1 MinMemoryCPU=16G MinTmpDiskNode=0
   Features=amr&[intel14|intel16|intel18|amr|nvf] DelayBoot=00:00:00
   OverSubscribe=OK Contiguous=0 Licenses=(null) Network=(null)
   Command=/mnt/ufs18/home-058/lyuliyao/Documents/CMSE_823_2021/CMSE823_project_group/part3/Dense_N100_nu0.0005/insjob.sh
   WorkDir=/mnt/ufs18/home-058/lyuliyao/Documents/CMSE_823_2021/CMSE823_project_group/part3/Dense_N100_nu0.0005
   Comment=stdout=/mnt/ufs18/home-058/lyuliyao/Documents/CMSE_823_2021/CMSE823_project_group/part3/Dense_N100_nu0.0005/slurm-20235763.out 
   StdErr=/mnt/ufs18/home-058/lyuliyao/Documents/CMSE_823_2021/CMSE823_project_group/part3/Dense_N100_nu0.0005/slurm-20235763.out
   StdIn=/dev/null
   StdOut=/mnt/ufs18/home-058/lyuliyao/Documents/CMSE_823_2021/CMSE823_project_group/part3/Dense_N100_nu0.0005/slurm-20235763.out
   Power=
   NtasksPerTRES:0

