
Lmod is automatically replacing "GNU/6.4.0-2.28" with "iccifort/2020.4.304".


Lmod is automatically replacing "GNU/6.4.0-2.28" with "iccifort/2020.4.304".


Lmod is automatically replacing "OpenMPI/2.1.2" with "impi/2019.9.304".

-------------------------------------------------------------------------------
The following dependent module(s) are not currently loaded: FFTW/3.3.7 (required by: Boost/1.67.0, Python/3.6.4), OpenBLAS/0.2.20 (required by: ScaLAPACK/2.0.2-OpenBLAS-0.2.20, Boost/1.67.0, Python/3.6.4, ScaLAPACK/2.0.2-OpenBLAS-0.2.20, Boost/1.67.0, Python/3.6.4), ScaLAPACK/2.0.2-OpenBLAS-0.2.20 (required by: Boost/1.67.0, Python/3.6.4)
-------------------------------------------------------------------------------

Inactive Modules:
  1) CMake/3.11.1        4) Python/3.6.4                        7) Tcl/8.6.8
  2) FFTW/3.3.7          5) SQLite/3.21.0                       8) libreadline/7.0
  3) OpenBLAS/0.2.20     6) ScaLAPACK/2.0.2-OpenBLAS-0.2.20     9) tbb/2018_U3

Due to MODULEPATH changes, the following have been reloaded:
  1) Boost/1.67.0     3) bzip2/1.0.6      5) zlib/1.2.11
  2) GMP/6.1.2        4) libffi/3.2.1

The following have been reloaded with a version change:
  1) GCCcore/6.4.0 => GCCcore/10.2.0     3) imkl/2018.1.163 => imkl/2020.4.304
  2) binutils/2.28 => binutils/2.35

Lmod has detected the following error: These module(s) or extension(s) exist
but cannot be loaded as requested: "FFmpeg"
   Try: "module spider FFmpeg" to see how to load the module(s).



 Setting up Laplacians
 Setup and factorization took   2.536100000000000E-002  seconds
  0.000000000000000E+000  0.000000000000000E+000  0.000000000000000E+000
  0.000000000000000E+000  0.000000000000000E+000  0.000000000000000E+000
  0.000000000000000E+000  0.000000000000000E+000  0.000000000000000E+000
  0.000000000000000E+000  0.000000000000000E+000  0.000000000000000E+000
  0.000000000000000E+000  0.000000000000000E+000  0.000000000000000E+000
  0.000000000000000E+000  0.000000000000000E+000  0.000000000000000E+000
  0.000000000000000E+000  0.000000000000000E+000  0.000000000000000E+000
  0.000000000000000E+000  0.000000000000000E+000  0.000000000000000E+000
  0.000000000000000E+000  0.000000000000000E+000  0.000000000000000E+000
  0.000000000000000E+000  0.000000000000000E+000  0.000000000000000E+000
  0.000000000000000E+000  0.000000000000000E+000  0.000000000000000E+000
  0.000000000000000E+000  0.000000000000000E+000  0.000000000000000E+000
  0.000000000000000E+000  0.000000000000000E+000  0.000000000000000E+000
  0.000000000000000E+000  0.000000000000000E+000  0.000000000000000E+000
  0.000000000000000E+000  0.000000000000000E+000 -1.083146007254804E-002
 -1.080376839832511E-002 -1.085558460437669E-002 -1.084495034885608E-002
 -1.094013710066740E-002 -1.095655798383193E-002 -1.108288294221008E-002
 -1.111957741518515E-002 -1.126217707829624E-002 -1.130775406808096E-002
 -1.145095280827925E-002 -1.149450346457310E-002 -1.162502155283874E-002
 -1.165878333300602E-002 -1.176752966083280E-002 -1.178753354992381E-002
 -1.186975936132104E-002 -1.187518672080883E-002 -1.192962710764264E-002
 -1.192172650147834E-002 -1.194948157856430E-002 -1.193062855194902E-002
 -1.193425593600326E-002 -1.190736290720917E-002 -1.189031013033451E-002
 -1.185853609822836E-002 -1.182483259386561E-002 -1.179145280101855E-002
 -1.174552559945628E-002 -1.171383954052898E-002 -1.166034805568890E-002
 -1.163355747634228E-002 -1.157719576345854E-002 -1.155823201776970E-002
 -1.150348994430686E-002 -1.149480158165405E-002 -1.144570313088712E-002
 -1.144903208348880E-002 -1.140888246439206E-002 -1.142506440484134E-002
 -1.139624108129524E-002  0.000000000000000E+000  0.000000000000000E+000
 -1.080453181808948E-002 -1.084448650282638E-002 -1.082038693582944E-002
 -1.089812199386519E-002 -1.090031089396592E-002 -1.101351851763373E-002
 -1.104004093521335E-002 -1.117656962387290E-002 -1.121763321308503E-002
 -1.136208234929183E-002 -1.140619455681250E-002 -1.154391045365957E-002
 -1.158163638288387E-002 -1.170141230790335E-002 -1.172695689540912E-002
 -1.182197907088574E-002 -1.183308816367879E-002 -1.190049975134702E-002
 -1.189751708536839E-002 -1.193736533541507E-002 -1.192218765165788E-002
 -1.193638955077048E-002 -1.191170642768843E-002 -1.190332162277668E-002
 -1.187219633664913E-002 -1.184501037088793E-002 -1.181068937079145E-002
 -1.176898458275778E-002 -1.173479767442687E-002 -1.168318654417338E-002
 -1.165244257076062E-002 -1.159568613210299E-002 -1.157152188388628E-002
 -1.151430556950823E-002 -1.149948536675492E-002 -1.144615949593459E-002
 -1.144284704981322E-002 -1.139715898530272E-002 -1.140669537913227E-002
 -1.137154870855542E-002 -1.139427337493424E-002  0.000000000000000E+000
  0.000000000000000E+000 -1.086186033959208E-002 -1.082268196272176E-002
 -1.088842333615400E-002 -1.087402509324878E-002 -1.097398133372032E-002
 -1.098566944006252E-002 -1.111331686405435E-002 -1.114416673768982E-002
 -1.128613881024601E-002 -1.132524762313847E-002 -1.146661973898777E-002
 -1.150352335716431E-002 -1.163147815096324E-002 -1.165869463062426E-002
 -1.176439328740774E-002 -1.177807022039219E-002 -1.185685959291943E-002
 -1.185618295482779E-002 -1.190680346027798E-002 -1.189297829770906E-002
 -1.191650930351509E-002 -1.189187125248389E-002 -1.189087107682437E-002
 -1.185832816603197E-002 -1.183629366038931E-002 -1.179905042360212E-002
 -1.176011918234876E-002 -1.172154831154206E-002 -1.167031251432696E-002
 -1.163385628926475E-002 -1.157518704748606E-002 -1.154422217135424E-002
 -1.148305478222986E-002 -1.146070116577495E-002 -1.140177435043283E-002
 -1.139066026581591E-002 -1.133822981884606E-002 -1.134024432753542E-002
 -1.129780595645693E-002 -1.131387760096736E-002 -1.128393772640337E-002
  0.000000000000000E+000  0.000000000000000E+000 -1.085185074052994E-002
 -1.091069057473275E-002 -1.087786488175997E-002 -1.096687273117322E-002
 -1.096037504649851E-002 -1.107820068335258E-002 -1.109390063812657E-002
 -1.123066911751718E-002 -1.125930545260665E-002 -1.140112898116711E-002
 -1.143209663459941E-002 -1.156536856844974E-002 -1.158991962550397E-002
 -1.170408465871096E-002 -1.171679030872412E-002 -1.180534492726344E-002
 -1.180404846279389E-002 -1.186421123845014E-002 -1.184920204250276E-002
 -1.188098914603985E-002 -1.185407284553891E-002 -1.185937378690784E-002
 -1.182319380916569E-002 -1.180511690521004E-002 -1.176277976065767E-002
 -1.172527095299255E-002 -1.168017104453977E-002 -1.162779216720355E-002
 -1.158350708452837E-002 -1.152125650402539E-002 -1.148142289328152E-002
 -1.141452612380266E-002 -1.138265649217037E-002 -1.131630235736972E-002
 -1.129554268263885E-002 -1.123457588873369E-002 -1.122742971920162E-002
 -1.117603229182697E-002 -1.118409139799711E-002 -1.114549545739121E-002
 -1.116922143750457E-002  0.000000000000000E+000  0.000000000000000E+000
 -1.096531251856559E-002 -1.091185913724441E-002 -1.099287141912032E-002
 -1.096577770236412E-002 -1.107454553392417E-002 -1.107118810976599E-002
 -1.120136066930477E-002 -1.121456317628704E-002 -1.135433930092939E-002
 -1.137424310758100E-002 -1.151020089261732E-002 -1.152743603086667E-002
 -1.164786492979888E-002 -1.165566947037647E-002 -1.175236192974807E-002
 -1.174718143126317E-002 -1.181571773239157E-002 -1.179673966547071E-002
 -1.183586050700794E-002 -1.180416592848779E-002 -1.181489096233227E-002
 -1.177270908507342E-002 -1.175760886468085E-002 -1.170784943656646E-002
 -1.167058221009208E-002 -1.161660222292417E-002 -1.156164628497907E-002
 -1.150712897124276E-002 -1.143959186028306E-002 -1.138842985256091E-002
 -1.131384207221854E-002 -1.126996318282248E-002 -1.119401197863755E-002
 -1.116113116465437E-002 -1.108933199699716E-002 -1.107064658043690E-002
 -1.100797952481041E-002 -1.100584661828554E-002 -1.095640241701238E-002
 -1.097204863157485E-002 -1.093873508510492E-002  0.000000000000000E+000
  0.000000000000000E+000 -1.097589558316858E-002 -1.105136615643568E-002
 -1.100192487108266E-002 -1.110344145252614E-002 -1.107817101047648E-002
 -1.120171728455036E-002 -1.119535166880131E-002 -1.133157776214577E-002
 -1.133563108252302E-002 -1.147215774779116E-002 -1.147736223259556E-002
 -1.160203457731770E-002 -1.160073768491461E-002 -1.170399249551836E-002
 -1.169135630148335E-002 -1.176716287664739E-002 -1.174117475561828E-002
 -1.178684577910706E-002 -1.174768568190201E-002 -1.176316667935171E-002
 -1.171247873271635E-002 -1.169961786063264E-002 -1.163998030231676E-002
 -1.160200603074963E-002 -1.153664093606752E-002 -1.147784843754057E-002
 -1.141047874734547E-002 -1.133602401346184E-002 -1.127076230592349E-002
 -1.118645937627599E-002 -1.112764620438362E-002 -1.103970257976089E-002
 -1.099165842454902E-002 -1.090632939730381E-002 -1.087302444746289E-002
 -1.079620435902391E-002 -1.078088039263759E-002 -1.071767495038312E-002
 -1.072247313355361E-002 -1.067681116340458E-002 -1.070246718465772E-002
  0.000000000000000E+000  0.000000000000000E+000 -1.113980643017676E-002
 -1.106728358673125E-002 -1.116390710689559E-002 -1.111492231880216E-002
 -1.123296557913616E-002 -1.120392366449951E-002 -1.133622833798738E-002
 -1.132031562786686E-002 -1.145606521290328E-002 -1.144476342868577E-002
 -1.157205978502040E-002 -1.155738976353079E-002 -1.166580936821753E-002
 -1.164193487823433E-002 -1.172402168293304E-002 -1.168775818144798E-002
 -1.173934361056882E-002 -1.168985157896244E-002 -1.170963520900704E-002
 -1.164780888930586E-002 -1.163671843443240E-002 -1.156464775102646E-002
 -1.152530339018527E-002 -1.144594426762579E-002 -1.138231328944595E-002
 -1.129932483079440E-002 -1.121650385200559E-002 -1.113414456657604E-002
 -1.103816452713514E-002 -1.096114998847393E-002 -1.085872130127309E-002
 -1.079198622797729E-002 -1.069014515035617E-002 -1.063849678670491E-002
 -1.054415706420771E-002 -1.051184453931304E-002 -1.043129341631734E-002
 -1.042154689725303E-002 -1.035994896094796E-002 -1.037456005532161E-002
 -1.033554285167828E-002  0.000000000000000E+000  0.000000000000000E+000
 -1.115800472310660E-002 -1.125270483792379E-002 -1.117943618733069E-002
 -1.129404459581496E-002 -1.124038626968121E-002 -1.136952361413076E-002
 -1.133046740254474E-002 -1.146504142031846E-002 -1.143330677841815E-002
 -1.156222705608271E-002 -1.153009442779464E-002 -1.164262526502440E-002
 -1.160367877369675E-002 -1.169125977050789E-002 -1.164131215294340E-002
 -1.169836083919767E-002 -1.163552753298958E-002 -1.165939171647730E-002
 -1.158369006454111E-002 -1.157419290661884E-002 -1.148706646882892E-002
 -1.144602112248641E-002 -1.135000531261760E-002 -1.128086787282168E-002
 -1.117941990633065E-002 -1.108707217235063E-002 -1.098448180867136E-002
 -1.087505351238356E-002 -1.077633056957723E-002 -1.065696708173951E-002
 -1.056762877924930E-002 -1.044614486573027E-002 -1.037186873506357E-002
 -1.025627367627061E-002 -1.020242521322249E-002 -1.010034738192951E-002
 -1.007143045998727E-002 -9.989505029909605E-003 -9.988612914099625E-003
 -9.931919405663927E-003 -9.960278722929370E-003  0.000000000000000E+000
  0.000000000000000E+000 -1.136409548213140E-002 -1.126746520459463E-002
 -1.138158960384092E-002 -1.130268946752839E-002 -1.143047238777245E-002
 -1.136623746613488E-002 -1.150026749480906E-002 -1.144499990385940E-002
 -1.157534035556735E-002 -1.152211112558835E-002 -1.163821978677052E-002
 -1.158052407401742E-002 -1.167313960839274E-002 -1.160608457490467E-002
 -1.166839522571313E-002 -1.158913879030790E-002 -1.161712421050210E-002
 -1.152474755709173E-002 -1.151698414140259E-002 -1.141215041187108E-002
 -1.136944663880691E-002 -1.125410965055363E-002 -1.117920088305105E-002
 -1.105645172012394E-002 -1.095380626309988E-002 -1.082781211454583E-002
 -1.070348640179814E-002 -1.057942270141274E-002 -1.044086947642850E-002
 -1.032475272263018E-002 -1.018050412778428E-002 -1.007886786685215E-002
 -9.938056144771199E-003 -9.857457649681515E-003 -9.729183567096825E-003
 -9.675575698613261E-003 -9.568181145083524E-003 -9.546226916630263E-003
 -9.466566142660457E-003 -9.479004038268091E-003 -9.431828072530443E-003
  0.000000000000000E+000  0.000000000000000E+000 -1.137251761965183E-002
 -1.148999838260956E-002 -1.138666987587829E-002 -1.151590205317606E-002
 -1.142574504789616E-002 -1.156090000430851E-002 -1.148004803131413E-002
 -1.161251316398389E-002 -1.153526669777960E-002 -1.165509468372960E-002
 -1.157535914487309E-002 -1.167300968344774E-002 -1.158557622624165E-002
 -1.165328384078159E-002 -1.155455450822141E-002 -1.158701140237187E-002
 -1.147516143723949E-002 -1.146961991502124E-002 -1.134444759574193E-002
 -1.130053831327426E-002 -1.116326875991200E-002 -1.108278780432271E-002
 -1.093596909130053E-002 -1.082273906353206E-002 -1.067022938350120E-002
 -1.053000965506183E-002 -1.037697307236537E-002 -1.021733130075047E-002
 -1.007014085663998E-002 -9.900193691909564E-003 -9.766161509171499E-003
 -9.596122622208906E-003 -9.483017616744633E-003 -9.323538095096033E-003
 -9.238903206182349E-003 -9.100243823403201E-003 -9.050579949257315E-003
 -8.941708546540666E-003 -8.931641684746170E-003 -8.859389469668119E-003
 -8.890966380458247E-003  0.000000000000000E+000  0.000000000000000E+000
 -1.161172664600368E-002 -1.148623880728061E-002 -1.162063533693259E-002
 -1.150518706435566E-002 -1.164412710558643E-002 -1.153684230376181E-002
 -1.167308634553765E-002 -1.156982986074736E-002 -1.169430256917235E-002
 -1.158984733776028E-002 -1.169311501384797E-002 -1.158237135054876E-002
 -1.165604116338631E-002 -1.153495330174442E-002 -1.157259864835310E-002
 -1.143856434509206E-002 -1.143611440903466E-002 -1.128805349964003E-002
 -1.124383414455674E-002 -1.108213222698625E-002 -1.099679295345292E-002
 -1.082328347672220E-002 -1.069975013734844E-002 -1.051777505715571E-002
 -1.036124231928570E-002 -1.017573379020394E-002 -9.993626783290559E-003
 -9.811108696066195E-003 -9.612914747298328E-003 -9.441324305047795E-003
 -9.238209075417194E-003 -9.086468892721579E-003 -8.890631014390936E-003
 -8.767951945600011E-003 -8.591727610417061E-003 -8.506686252369675E-003
 -8.361482603901566E-003 -8.320985854214433E-003 -8.216186078529045E-003
 -8.224490804813743E-003 -8.166514046877002E-003  0.000000000000000E+000
  0.000000000000000E+000 -1.159377001113877E-002 -1.173782489506766E-002
 -1.159908007346812E-002 -1.174536366475982E-002 -1.161207751024238E-002
 -1.175468057915815E-002 -1.162450186814584E-002 -1.175537887611404E-002
 -1.162432751355375E-002 -1.173446471488473E-002 -1.159800370149845E-002
 -1.167871568016695E-002 -1.153269480852290E-002 -1.157667052714564E-002
 -1.141793116546026E-002 -1.141985769426981E-002 -1.124651146740245E-002
 -1.120334543237109E-002 -1.101488434582772E-002 -1.092595318216207E-002
 -1.072335006796408E-002 -1.059043150662405E-002 -1.037630055979523E-002
 -1.020372638218193E-002 -9.982514406799932E-003 -9.777250878893431E-003
 -9.555366583900247E-003 -9.326973461957662E-003 -9.112741683851721E-003
 -8.873104132564858E-003 -8.676445345506528E-003 -8.439198697756506E-003
 -8.270974810180329E-003 -8.050594730412745E-003 -7.921627439462982E-003
 -7.732233405859951E-003 -7.652085412013249E-003 -7.506092339591038E-003
 -7.481787413560903E-003 -7.388615324742587E-003 -7.423531664259308E-003
  0.000000000000000E+000  0.000000000000000E+000 -1.185941080674201E-002
 -1.170062014344265E-002 -1.185856373099544E-002 -1.170098318411892E-002
 -1.185337099598803E-002 -1.169652107756880E-002 -1.183638607837459E-002
 -1.167780934811010E-002 -1.179678111366101E-002 -1.163288404090125E-002
 -1.172229210015042E-002 -1.154922146521725E-002 -1.160114184611733E-002
 -1.141547855381708E-002 -1.142350841528749E-002 -1.122271257443266E-002
 -1.118244617418512E-002 -1.096513439370069E-002 -1.087445166131019E-002
 -1.064063611218594E-002 -1.049993537140612E-002 -1.025130661230988E-002
 -1.006374619529482E-002 -9.803995682509368E-003 -9.575720532205238E-003
 -9.310825143204273E-003 -9.051088808363464E-003 -8.789438981574256E-003
 -8.510502092835895E-003 -8.262747714071837E-003 -7.979439429688468E-003
 -7.757951339873357E-003 -7.486819150980398E-003 -7.304721281623844E-003
 -7.062768288981644E-003 -6.932586661414862E-003 -6.735699209950513E-003
 -6.667787621486261E-003 -6.529068903706700E-003 -6.530075863385578E-003
 -6.458383453043452E-003  0.000000000000000E+000  0.000000000000000E+000
 -1.180209430028922E-002 -1.197659631578244E-002 -1.179762930704995E-002
 -1.196394934333392E-002 -1.178185834313317E-002 -1.193405664674277E-002
 -1.174806080300778E-002 -1.187853775065479E-002 -1.168630268309729E-002
 -1.178665804165958E-002 -1.158501030953227E-002 -1.164698757882840E-002
 -1.143259292344652E-002 -1.144890693642572E-002 -1.121880999553668E-002
 -1.118377186975330E-002 -1.093581287251023E-002 -1.084579337644709E-002
 -1.057898748430226E-002 -1.043281446851012E-002 -1.014776972153513E-002
 -9.947126643396698E-003 -9.646513625693860E-003 -9.396334630192236E-003
 -9.085348207016010E-003 -8.794134219328113E-003 -8.480832284648864E-003
 -8.160764707346498E-003 -7.856139646540559E-003 -7.522850187185346E-003
 -7.240489233791237E-003 -6.912360833075353E-003 -6.667589446582550E-003
 -6.364522804148277E-003 -6.173010371210886E-003 -5.914698826548040E-003
 -5.790637813329531E-003 -5.594538744512412E-003 -5.548661480349503E-003
 -5.427995004372355E-003 -5.465812179168922E-003  0.000000000000000E+000
  0.000000000000000E+000 -1.209160153536425E-002 -1.189524268067824E-002
 -1.208021732454228E-002 -1.187546011137429E-002 -1.204399988611632E-002
 -1.183176518827408E-002 -1.197707405819295E-002 -1.175650449918695E-002
 -1.187064079412721E-002 -1.163958528769718E-002 -1.171422616619322E-002
 -1.146980220984972E-002 -1.149702506738979E-002 -1.123616308543903E-002
 -1.120914260884557E-002 -1.092908765435550E-002 -1.084269610102547E-002
 -1.054150696749183E-002 -1.039286877961543E-002 -1.006996963407777E-002
 -9.859024033434659E-003 -9.515827475648074E-003 -9.245905525193589E-003
 -8.886464408427185E-003 -8.564821500733295E-003 -8.196405413065246E-003
 -7.834590744493972E-003 -7.468035351818633E-003 -7.081939122436276E-003
 -6.731590678216618E-003 -6.340997453702100E-003 -6.024083386218341E-003
 -5.651591958043568E-003 -5.386910971833072E-003 -5.056175608881764E-003
 -4.862132638018974E-003 -4.595543346849723E-003 -4.487746805870892E-003
 -4.303868566633890E-003 -4.292707722117572E-003 -4.203968517779943E-003
  0.000000000000000E+000  0.000000000000000E+000 -1.198645889283558E-002
 -1.219524237948159E-002 -1.197148144796254E-002 -1.216092149612720E-002
 -1.192470818083308E-002 -1.208875634303049E-002 -1.184081703086810E-002
 -1.197210426765445E-002 -1.171158807135226E-002 -1.180196079201179E-002
 -1.152679985738981E-002 -1.156796401160449E-002 -1.127532380021086E-002
 -1.125952419842667E-002 -1.094631374939009E-002 -1.086701117159573E-002
 -1.053045873528864E-002 -1.038301397400523E-002 -1.002133381938857E-002
 -9.803726871682999E-003 -9.416889497710683E-003 -9.130480533865018E-003
 -8.721055493222819E-003 -8.371343794720824E-003 -7.945327098235040E-003
 -7.542603014447278E-003 -7.110082283477185E-003 -6.669808977931745E-003
 -6.245268862248257E-003 -5.787987777299176E-003 -5.390030852367365E-003
 -4.940577886521240E-003 -4.590859296998791E-003 -4.176738225500137E-003
 -3.898019040193620E-003 -3.546932580440896E-003 -3.360364318295292E-003
 -3.097148454726945E-003 -3.019177838164591E-003 -2.862658564918914E-003
 -2.902188209963182E-003  0.000000000000000E+000  0.000000000000000E+000
 -1.230151287836939E-002 -1.206344871674011E-002 -1.227879804142426E-002
 -1.202194455588140E-002 -1.220914143858442E-002 -1.193579813055546E-002
 -1.208808159708017E-002 -1.179889220448361E-002 -1.190847160830245E-002
 -1.160252027943769E-002 -1.166100510287132E-002 -1.133607306044771E-002
 -1.133503768409603E-002 -1.098802820262525E-002 -1.091968713455580E-002
 -1.054721288835323E-002 -1.040518700796588E-002 -1.000431567154477E-002
 -9.784485223508804E-003 -9.353637008317713E-003 -9.055075827939461E-003
 -8.595045077077404E-003 -8.221002065863920E-003 -7.736032137647832E-003
 -7.294874337024562E-003 -6.793655760537721E-003 -6.299621248587925E-003
 -5.796014693796302E-003 -5.269554255446522E-003 -4.782776121706914E-003
 -4.250211245722234E-003 -3.804190416251789E-003 -3.296419886667545E-003
 -2.918087567973949E-003 -2.468186085966941E-003 -2.184645847551700E-003
 -1.824450071952085E-003 -1.659300474436295E-003 -1.415441835825527E-003
 -1.384909062537397E-003 -1.275102048559457E-003  0.000000000000000E+000
  0.000000000000000E+000 -1.214430492709084E-002 -1.239095464317745E-002
 -1.211789315710048E-002 -1.233309359936988E-002 -1.203736022729228E-002
 -1.221490755850610E-002 -1.189873374755856E-002 -1.203134055945444E-002
 -1.169525521002298E-002 -1.177470955912414E-002 -1.141750812279066E-002
 -1.143502256229300E-002 -1.105399780742976E-002 -1.100078646354305E-002
 -1.059224165638388E-002 -1.046030264754118E-002 -1.002032191973711E-002
 -9.803386867237368E-003 -9.328827408112587E-003 -9.023446842121682E-003
 -8.513114944804286E-003 -8.119845227159850E-003 -7.575798536763792E-003
 -7.100425172557492E-003 -6.529296650635755E-003 -5.983967942866037E-003
 -5.398132815802416E-003 -4.802192408418404E-003 -4.220506141275268E-003
 -3.600719702178210E-003 -3.048468846961623E-003 -2.438277340275642E-003
 -1.945960834497903E-003 -1.383426699935490E-003 -9.841018355909725E-004
 -5.084205302375924E-004 -2.336683256383785E-004  1.194739250454675E-004
  2.444105792603068E-004  4.478296023007079E-004  4.086779541245152E-004
  0.000000000000000E+000  0.000000000000000E+000 -1.249001261829866E-002
 -1.220631758006447E-002 -1.245480766145332E-002 -1.214082489940166E-002
 -1.234830808180928E-002 -1.200782267402303E-002 -1.216758085775514E-002
 -1.180279127954783E-002 -1.190705527947355E-002 -1.151817519417789E-002
 -1.155815331580784E-002 -1.114332274430480E-002 -1.110956172971238E-002
 -1.066517554544670E-002 -1.054827169637167E-002 -1.006970193371196E-002
 -9.861295999700505E-003 -9.343934994763999E-003 -9.037918264882708E-003
 -8.478476263591194E-003 -8.072356398699524E-003 -7.470357703609308E-003
 -6.966734199497295E-003 -6.326135783342216E-003 -5.734194767092454E-003
 -5.064987246417994E-003 -4.401839430691161E-003 -3.721381930406324E-003
 -3.012944067577456E-003 -2.346647807734175E-003 -1.627636901802744E-003
 -1.008497259718077E-003 -3.210373684991198E-004  2.124822776412103E-004
  8.220395430222002E-004  1.230026531313780E-003  1.716092218274883E-003
  1.962817861055169E-003  2.286746058420962E-003  2.346892896001391E-003
  2.483022113232132E-003  0.000000000000000E+000  0.000000000000000E+000
 -1.228016784902088E-002 -1.256770118240864E-002 -1.224086329002779E-002
 -1.248340100551080E-002 -1.212239266706411E-002 -1.231373519660719E-002
 -1.192254108564190E-002 -1.205559132297025E-002 -1.163623529564140E-002
 -1.170260370412498E-002 -1.125459498880114E-002 -1.124459387732945E-002
 -1.076492422707096E-002 -1.066808820708817E-002 -1.015180788146190E-002
 -9.957866338389836E-003 -9.399124268752120E-003 -9.099292888610709E-003
 -8.492719938905005E-003 -8.081216109172455E-003 -7.423575278990157E-003
 -6.899306985754715E-003 -6.191356913004948E-003 -5.559733147142816E-003
 -4.808216630474800E-003 -4.082960609586544E-003 -3.302526643848844E-003
 -2.507239208791553E-003 -1.721937656114694E-003 -8.909722342020348E-004
 -1.347579694887073E-004  6.872127376631038E-004  1.371669117366688E-003
  2.132068311233618E-003  2.696880006974869E-003  3.340054188141338E-003
  3.738069444937793E-003  4.212301158393685E-003  4.404766801228102E-003
  4.670269122128441E-003  4.634458966665750E-003  0.000000000000000E+000
  0.000000000000000E+000 -1.266415426860358E-002 -1.233128392941275E-002
 -1.261456092549127E-002 -1.223814053739292E-002 -1.246589834102700E-002
 -1.205163140939778E-002 -1.221758326672755E-002 -1.176964561780602E-002
 -1.186624899454285E-002 -1.138610728216654E-002 -1.140399276129877E-002
 -1.088986455085797E-002 -1.081799014003931E-002 -1.026513117235095E-002
 -1.009163610417673E-002 -9.493309198335083E-003 -9.206852727413749E-003
 -8.555764143424453E-003 -8.147167445840948E-003 -7.437235524790152E-003
 -6.901345650606722E-003 -6.129751464471952E-003 -5.467505301421141E-003
 -4.636992740471600E-003 -3.857634257645463E-003 -2.978953041134522E-003
 -2.102237636672850E-003 -1.196447458547006E-003 -2.544524698174372E-004
  6.454610433613839E-004  1.607579681691739E-003  2.456614736700386E-003
  3.381813736654273E-003  4.125357233610674E-003  4.948718750425881E-003
  5.528137219051758E-003  6.184061333144801E-003  6.545297423246450E-003
  6.977132085345381E-003  7.080774137961418E-003  7.250743442835383E-003
  0.000000000000000E+000  0.000000000000000E+000 -1.240464120110270E-002
 -1.273510073333143E-002 -1.234999756459741E-002 -1.261960688131133E-002
 -1.218689908060339E-002 -1.239011187015520E-002 -1.191633121867596E-002
 -1.204689216883583E-002 -1.153610678765514E-002 -1.158565973786021E-002
 -1.103809802673985E-002 -1.099569730344137E-002 -1.040751882638309E-002
 -1.026020903353495E-002 -9.624302860978503E-003 -9.358459123087236E-003
 -8.665908883641875E-003 -8.268999036968767E-003 -7.510952724406589E-003
 -6.973553741454286E-003 -6.143411710271943E-003 -5.461464045246531E-003
 -4.557399423018027E-003 -3.734728146309509E-003 -2.762536337517848E-003
 -1.813590133144213E-003 -7.897140721316951E-004  2.577366765249955E-004
  1.303454843275959E-003  2.406261378777662E-003  3.428963669009417E-003
  4.528188355402096E-003  5.468756540174917E-003  6.492173511385485E-003
  7.281627175921186E-003  8.150183401658207E-003  8.718333317925635E-003
  9.356629979642782E-003  9.644116936620581E-003  9.993228371078772E-003
  9.964138832429748E-003  0.000000000000000E+000  0.000000000000000E+000
 -1.283672816966517E-002 -1.245166373347119E-002 -1.276951750555563E-002
 -1.232472097125938E-002 -1.257006676714435E-002 -1.207430760376879E-002
 -1.224249272191453E-002 -1.170308585595557E-002 -1.178761399926225E-002
 -1.120778361530030E-002 -1.119873365805418E-002 -1.057647524890204E-002
 -1.046052517584866E-002 -9.789058886453591E-003 -9.550752836121234E-003
 -8.819999054357791E-003 -8.443650927080767E-003 -7.642220198087867E-003
 -7.114096484009527E-003 -6.231594784123915E-003 -5.542316348562568E-003
 -4.572000248010152E-003 -3.719258308668231E-003 -2.661146386343894E-003
 -1.652819986838158E-003 -5.172728332944396E-004  6.251356476580944E-004
  1.813635306383425E-003  3.051685884126444E-003  4.251307127112563E-003
  5.527397253941814E-003  6.677642340552620E-003  7.915384283950127E-003
  8.939441225414718E-003  1.004835252764301E-002  1.086063383515498E-002
  1.174623294543712E-002  1.226531316650824E-002  1.284397603379525E-002
  1.300880436763516E-002  1.322412824926873E-002  0.000000000000000E+000
  0.000000000000000E+000 -1.253483210300608E-002 -1.290876544308602E-002
 -1.246056250809131E-002 -1.275393551432101E-002 -1.224168300364351E-002
 -1.245135803827051E-002 -1.188609602690016E-002 -1.200838695847677E-002
 -1.139755930563812E-002 -1.142485006474949E-002 -1.076956275540254E-002
 -1.068923026139061E-002 -9.984007567706833E-003 -9.779452603312828E-003
 -9.013690951910307E-003 -8.666438075306700E-003 -7.826593550787150E-003
 -7.318719335613080E-003 -6.390770051523265E-003 -5.707458299778373E-003
 -4.679641939091766E-003 -3.812002849971897E-003 -2.678041366138331E-003
 -1.626427097975841E-003 -3.894403433660244E-004  8.326147113517091E-004
  2.155530589056676E-003  3.516937114416516E-003  4.889985352476933E-003
  6.338068925795961E-003  7.703159611208531E-003  9.161524617192496E-003
  1.043787759180191E-002  1.180836233706038E-002  1.289765694667514E-002
  1.406852678427499E-002  1.486713413940840E-002  1.572834792924985E-002
  1.614592813918902E-002  1.660949601026933E-002  1.658979260755161E-002
  0.000000000000000E+000  0.000000000000000E+000 -1.302787357016842E-002
 -1.258806751835117E-002 -1.293721210038739E-002 -1.241640131951592E-002
 -1.267221079469444E-002 -1.208504922625632E-002 -1.224748689972034E-002
 -1.160707694892436E-002 -1.167258032366836E-002 -1.098493138580020E-002
 -1.094316641278027E-002 -1.020549863276031E-002 -1.003975418624453E-002
 -9.241815238305792E-003 -8.931378862479047E-003 -8.057992293168401E-003
 -7.581010311657485E-003 -6.614840078334914E-003 -5.951122427771779E-003
 -4.875510351167166E-003 -4.009411157119752E-003 -2.811593683824359E-003
 -1.735351963567383E-003 -4.104645769985298E-004  8.716316011114691E-004
  2.315500486878943E-003  3.782013362935505E-003  5.317899378699998E-003
  6.924650605232589E-003  8.500927298003891E-003  1.017627473208987E-002
  1.171310422165215E-002  1.335648717054960E-002  1.474746607754554E-002
  1.623421455235079E-002  1.735604365991493E-002  1.855087090436305E-002
  1.928217823792618E-002  2.006146043109475E-002  2.030841884298702E-002
  2.058701537466619E-002  0.000000000000000E+000  0.000000000000000E+000
 -1.269745665445085E-002 -1.311312931620628E-002 -1.259545362388927E-002
 -1.290393816399228E-002 -1.230090590522116E-002 -1.250591427387699E-002
 -1.183768417690215E-002 -1.194198963721445E-002 -1.122204008133368E-002
 -1.122003569522645E-002 -1.045038467061021E-002 -1.032684567543043E-002
 -9.498835079246665E-003 -9.231614294741987E-003 -8.329095590045063E-003
 -7.892776790613183E-003 -6.895504353382939E-003 -6.264710713183139E-003
 -5.151421469858170E-003 -4.303808149774534E-003 -3.055372741758924E-003
 -1.974860648885281E-003 -5.781502853126237E-004  7.409745275469976E-004
  2.287929731726210E-003  3.835601302270841E-003  5.516938685028679E-003
  7.260606124131180E-003  9.035010566054082E-003  1.091259811887965E-002
  1.270658959357720E-002  1.462140228682363E-002  1.632676451382914E-002
  1.814781960228656E-002  1.962702242076169E-002  2.119853874593312E-002
  2.230109830800986E-002  2.346353434390913E-002  2.405354122696674E-002
  2.467501075817697E-002  2.466497094614757E-002  0.000000000000000E+000
  0.000000000000000E+000 -1.327029079620638E-002 -1.277305816155847E-002
 -1.314459934705665E-002 -1.253548474280868E-002 -1.278662672689475E-002
 -1.209327727769070E-002 -1.223570925665505E-002 -1.148268491253009E-002
 -1.151934195757498E-002 -1.071682369590756E-002 -1.063658604520087E-002
 -9.779416534553852E-003 -9.559910715076694E-003 -8.631805886289484E-003
 -8.244497666074470E-003 -7.222717906296662E-003 -6.637262145259030E-003
 -5.496297243433548E-003 -4.683851251794957E-003 -3.398557256609267E-003
 -2.334849707414922E-003 -8.839970920858399E-004  4.468972410780030E-004
  2.075733784312627E-003  3.676105864330537E-003  5.479658035833748E-003
  7.330925907681710E-003  9.281365478419620E-003  1.133528754358095E-002
  1.337073667991075E-002  1.554093562247609E-002  1.755849942819834E-002
  1.971585246825783E-002  2.157167325134473E-002  2.354813398616586E-002
  2.506882369147746E-002  2.667383775284711E-002  2.768188404403323E-002
  2.873364786874195E-002  2.908604602866029E-002  2.945470012218923E-002
  0.000000000000000E+000  0.000000000000000E+000 -1.293702225671517E-002
 -1.338883319332301E-002 -1.279023830740029E-002 -1.309461010785893E-002
 -1.238126353865428E-002 -1.256037921639640E-002 -1.177253600195730E-002
 -1.184381552034657E-002 -1.100546594893202E-002 -1.096645758990443E-002
 -1.007916870835200E-002 -9.909259831680749E-003 -8.957760826558945E-003
 -8.625807890839983E-003 -7.585185185908495E-003 -7.055984606320124E-003
 -5.896749136887989E-003 -5.135161204816348E-003 -3.826601457987463E-003
 -2.800507195378353E-003 -1.313808909362826E-003  2.648534395490593E-006
  1.690121512060381E-003  3.311794850597911E-003  5.209951460386877E-003
  7.133549348432310E-003  9.230188620966508E-003  1.142451573761474E-002
  1.367377406635284E-002  1.606855084120436E-002  1.837988845094080E-002
  2.085640714408697E-002  2.308890899642587E-002  2.547747935277589E-002
  2.744482011793514E-002  2.953414929729731E-002  3.102420871556620E-002
  3.258703106518984E-002  3.339868029823496E-002  3.423686321434553E-002
  3.423337105604529E-002  0.000000000000000E+000  0.000000000000000E+000
 -1.362216968841736E-002 -1.306250540035388E-002 -1.343555710404019E-002
 -1.271324151733654E-002 -1.292857502745330E-002 -1.210350728061172E-002
 -1.220170665677526E-002 -1.132136077712353E-002 -1.131703211109421E-002
 -1.039569463105942E-002 -1.027363528594979E-002 -9.298892782620874E-003
 -9.025974486359794E-003 -7.970821625755815E-003 -7.506766279306656E-003
 -6.337671920097880E-003 -5.641020192092780E-003 -4.322041756810830E-003
 -3.353213902781302E-003 -1.848662761730700E-003 -5.725072384506358E-004
  1.149679619933723E-003  2.760066670374253E-003  4.722645669085961E-003
  6.679491377928641E-003  8.886792462083112E-003  1.117777614163580E-002
  1.360301983095397E-002  1.617835208078275E-002  1.874936585715430E-002
  2.150845026996302E-002  2.409647609863422E-002  2.687918688745283E-002
  2.929695475448291E-002  3.188525700460406E-002  3.389902044482982E-002
  3.603340399359281E-002  3.739169939290389E-002  3.880806626601758E-002
  3.929317643286255E-002  3.978899290981966E-002  0.000000000000000E+000
  0.000000000000000E+000 -1.333631387335994E-002 -1.381054726898667E-002
 -1.310394387967316E-002 -1.336091690202712E-002 -1.249739260991908E-002
 -1.261065969908363E-002 -1.167726638759433E-002 -1.169446341423726E-002
 -1.073027051734025E-002 -1.064906002334699E-002 -9.648074626688884E-003
 -9.434329788862862E-003 -8.367106139875192E-003 -7.974566054432251E-003
 -6.802732141011777E-003 -6.183010332249579E-003 -4.865305214147924E-003
 -3.971534158630451E-003 -2.466075026738715E-003 -1.254609076518007E-003
  4.789465604674893E-004  2.045991729108923E-003  4.042121258533201E-003
  5.991702373117613E-003  8.270910571439246E-003  1.060991955995837E-002
  1.316595714766284E-002  1.586766328704541E-002  1.865104652749414E-002
  2.163884017904864E-002  2.454085902053790E-002  2.767412074581348E-002
  3.051829738948679E-002  3.358689522891799E-002  3.613377766965036E-002
  3.886539625016223E-002  4.083153987171554E-002  4.291397411989774E-002
  4.400826007524027E-002  4.514098726568704E-002  4.514074584076447E-002
  0.000000000000000E+000  0.000000000000000E+000 -1.420082169604973E-002
 -1.356389092591038E-002 -1.388644402802731E-002 -1.299097768821741E-002
 -1.310441402635024E-002 -1.209977059064469E-002 -1.211512586991616E-002
 -1.109086803803599E-002 -1.103534785532358E-002 -9.999971640231406E-003
 -9.840637303667998E-003 -8.761225975335379E-003 -8.443552205426818E-003
 -7.274608262765989E-003 -6.741443721299875E-003 -5.435363265997811E-003
 -4.632127157811491E-003 -3.141177727466238E-003 -2.016447567698622E-003
 -2.932912800604030E-004  1.200379873845886E-003  3.200219667748562E-003
  5.102905227880853E-003  7.414626170315684E-003  9.751375856847896E-003
  1.238903561450362E-002  1.515679511032343E-002  1.809589045984188E-002
  2.124559157028579E-002  2.440325697777596E-002  2.782124175570007E-002
  3.104148738966839E-002  3.453778791292884E-002  3.759008922170581E-002
  4.089932290341722E-002  4.349138088365800E-002  4.628335623768932E-002
  4.807982000165303E-002  4.998020048237842E-002  5.064358752341348E-002
  5.131545005246647E-002  0.000000000000000E+000  0.000000000000000E+000
 -1.407345157097771E-002 -1.453347431117820E-002 -1.364075795378151E-002
 -1.374414011028289E-002 -1.264115834485790E-002 -1.261495200200582E-002
 -1.149819439058217E-002 -1.143938093901684E-002 -1.035240164452880E-002
 -1.023537616662631E-002 -9.139855522698906E-003 -8.896784683863894E-003
 -7.734777410729450E-003 -7.295392639115987E-003 -6.010049970455697E-003
 -5.310398597534391E-003 -3.847712110966937E-003 -2.828924405442816E-003
 -1.135727891768863E-003  2.576710774642894E-004  2.233776214445846E-003
  4.052792691212670E-003  6.359330850167664E-003  8.644971037039335E-003
  1.131456507187009E-002  1.408624756803223E-002  1.711958460941774E-002
  2.035693846009566E-002  2.370044058041128E-002  2.732138536904646E-002
  3.084657569569861E-002  3.468974266269296E-002  3.818555113839590E-002
  4.200665889810393E-002  4.519053962394443E-002  4.867105450971305E-002
  5.120344244716783E-002  5.394936640887606E-002  5.542789105126927E-002
  5.697165594954896E-002  5.698865690234383E-002  0.000000000000000E+000
  0.000000000000000E+000 -1.528459811670144E-002 -1.451487181620186E-002
 -1.463481772457881E-002 -1.340298576744285E-002 -1.326960271162616E-002
 -1.199894522440402E-002 -1.188208612572866E-002 -1.070896009636353E-002
 -1.060994026794246E-002 -9.488250187943989E-003 -9.315050146004750E-003
 -8.162492120028413E-003 -7.822026512588358E-003 -6.565807487827738E-003
 -5.980690757231995E-003 -4.558648760845272E-003 -3.662120665823929E-003
 -2.016055693086076E-003 -7.460648515111371E-004  1.182127942225025E-003
  2.885011380918321E-003  5.152215694444746E-003  7.341927512679985E-003
  9.996357211944648E-003  1.271206649133713E-002  1.577787672984341E-002
  1.902685014325532E-002  2.248086568195915E-002  2.621459010912681E-002
  2.996049346508847E-002  3.405128053460156E-002  3.790409435972734E-002
  4.213571742059789E-002  4.583102446307269E-002  4.991176050193059E-002
  5.313308535992024E-002  5.670461149912016E-002  5.907037291914433E-002
  6.164396891625205E-002  6.261567497109261E-002  6.354208353496130E-002
  0.000000000000000E+000  0.000000000000000E+000 -1.561498026955823E-002
 -1.593081459813236E-002 -1.458129266319053E-002 -1.424095718252713E-002
 -1.269771679221127E-002 -1.241503856906139E-002 -1.108493733329333E-002
 -1.095675647496925E-002 -9.787900953662429E-003 -9.673981733300642E-003
 -8.532218013106644E-003 -8.294717539122582E-003 -7.076483791638544E-003
 -6.615748562246213E-003 -5.246234797858432E-003 -4.485896140942667E-003
 -2.902083022370473E-003 -1.774788259746033E-003  8.489168626513340E-005
  1.644315908353228E-003  3.842778084633571E-003  5.897656451565035E-003
  8.494850058446086E-003  1.110025596823869E-002  1.414043981785432E-002
  1.732831662440848E-002  2.081760162726781E-002  2.457266512276391E-002
  2.844955648253795E-002  3.268076809404045E-002  3.679138059747302E-002
  4.131358035512081E-002  4.541268328031239E-002  4.995918457652901E-002
  5.375219845734941E-002  5.801653982387281E-002  6.119886609490971E-002
  6.480653627581390E-002  6.692413911475087E-002  6.915196348838881E-002
  6.929530567942119E-002  0.000000000000000E+000  0.000000000000000E+000
 -1.770877111923103E-002 -1.652981738852249E-002 -1.588959517332705E-002
 -1.384219032524898E-002 -1.316492623843808E-002 -1.152257543612715E-002
 -1.126933253623986E-002 -1.001073980057482E-002 -9.937311745190969E-003
 -8.807864083535804E-003 -8.678794378502653E-003 -7.510491117105386E-003
 -7.185054953557526E-003 -5.881228988770893E-003 -5.269864023453997E-003
 -3.762319557588134E-003 -2.793660430353376E-003 -1.019787758572232E-003
  3.741725845888798E-004  2.479725199279753E-003  4.367853918130727E-003
  6.872366319630754E-003  9.321084505598959E-003  1.228430894178589E-002
  1.534577729995147E-002  1.879990474262833E-002  2.248956462082871E-002
  2.640852137534043E-002  3.067342482938275E-002  3.493941284355730E-002
  3.962895854234252E-002  4.401800773606462E-002  4.888374542274647E-002
  5.310392072343545E-002  5.786047512784741E-002  6.165560961852835E-002
  6.607084267750564E-002  6.924268810416100E-002  7.293122112369767E-002
  7.473170158077859E-002  7.618258028307928E-002  0.000000000000000E+000
  0.000000000000000E+000 -1.961282036938743E-002 -1.903678708727233E-002
 -1.607937378247506E-002 -1.447093078818173E-002 -1.213649540958544E-002
 -1.154224906419657E-002 -1.010387604386926E-002 -1.004035229738357E-002
 -8.929632611161437E-003 -8.922409136892087E-003 -7.824932634410323E-003
 -7.651333635821739E-003 -6.431003012676974E-003 -5.982608400522123E-003
 -4.565974132423132E-003 -3.769681497585714E-003 -2.096443327392193E-003
 -8.850483627788203E-004  1.108504274836096E-003  2.805248122420620E-003
  5.188984542370333E-003  7.443926940600866E-003  1.028769179805962E-002
  1.316774082989628E-002  1.652480947462943E-002  2.007162836035840E-002
  2.394945776874564E-002  2.814763951711241E-002  3.246890842874949E-002
  3.720765015547594E-002  4.177802280827131E-002  4.682922814443966E-002
  5.134924908900157E-002  5.640988971558426E-002  6.058951813872214E-002
  6.544963343442256E-002  6.924658292837260E-002  7.398082533806309E-002
  7.749301046918165E-002  8.149697529138622E-002  8.250559093486687E-002
  0.000000000000000E+000  0.000000000000000E+000 -2.517179678537784E-002
 -2.133121056928340E-002 -1.739791849508115E-002 -1.327629087744827E-002
 -1.177111170846936E-002 -9.944065946343113E-003 -9.845501205858993E-003
 -8.782074392980999E-003 -8.936414802034508E-003 -7.953793853047193E-003
 -7.964004478589928E-003 -6.856107147112537E-003 -6.590097321637486E-003
 -5.282448342087576E-003 -4.671904563211838E-003 -3.113026998828483E-003
 -2.097319493963266E-003 -2.304868844125677E-004  1.257151164247308E-003
  3.499297519686464E-003  5.533053954450064E-003  8.224688509070665E-003
  1.088026852219984E-002  1.408949856928396E-002  1.742868803557900E-002
  2.119193055667615E-002  2.523358057092528E-002  2.951569580415602E-002
  3.419331287192038E-002  3.884195737008094E-002  4.396137994527686E-002
  4.868395924860712E-002  5.392112133623946E-002  5.834710130695238E-002
  6.337785131577495E-002  6.733693675221913E-002  7.227910874229418E-002
  7.643679982077217E-002  8.237899412341258E-002  8.749280732769396E-002
  9.166542202350388E-002  0.000000000000000E+000  0.000000000000000E+000
 -3.576916813245763E-002 -2.625646221893442E-002 -1.628477556182987E-002
 -1.195247964824718E-002 -9.174954079872667E-003 -9.004751556655690E-003
 -8.108773186380300E-003 -8.547803426830234E-003 -7.784280727867790E-003
 -8.047827399061121E-003 -7.105140616101809E-003 -7.053646338236430E-003
 -5.880775516699804E-003 -5.471628833009314E-003 -4.041505678283871E-003
 -3.231875217521451E-003 -1.503152203344777E-003 -2.362357598621398E-004
  1.850119969149355E-003  3.644552985285612E-003  6.161229731392433E-003
  8.561733198876400E-003  1.158486103942146E-002  1.466635664412673E-002
  1.825451231488889E-002  2.206401732684014E-002  2.622165941552712E-002
  3.073743852840840E-002  3.536388929669430E-002  4.044187262423131E-002
  4.528132953884825E-002  5.061109820290732E-002  5.524471344018766E-002
  6.037680436927929E-002  6.436224507000254E-002  6.900630627571404E-002
  7.255164346824705E-002  7.790089448480354E-002  8.417038432766825E-002
  9.522214724828951E-002  0.105154514517003       0.000000000000000E+000
  0.000000000000000E+000 -6.796935182666071E-002 -2.896956187847877E-002
 -1.208378530233010E-002 -6.448632401326294E-003 -6.446344740766906E-003
 -6.255911803096301E-003 -7.387071383939184E-003 -7.111417210649042E-003
 -7.786376336527520E-003 -7.109853686663343E-003 -7.329414881135046E-003
 -6.330536999445972E-003 -6.143657468768890E-003 -4.859065469677841E-003
 -4.264332071352102E-003 -2.682784903200314E-003 -1.643023070722931E-003
  2.789978255739230E-004  1.824342449931966E-003  4.152332833829764E-003
  6.279080463369193E-003  9.090539599586677E-003  1.187972901237762E-002
  1.524739634854337E-002  1.876618477748921E-002  2.272733386414496E-002
  2.699380717161773E-002  3.150145961527937E-002  3.643032466133433E-002
  4.129136535441311E-002  4.662815670649833E-002  5.144814501801938E-002
  5.671656537417521E-002  6.089108246424386E-002  6.541993248095340E-002
  6.832148019104509E-002  7.179035768553198E-002  7.448655430819180E-002
  8.194441240209292E-002  9.998411873616814E-002  0.139254723691542     
  0.000000000000000E+000  0.000000000000000E+000 -0.175467557745637     
 -1.216325809281099E-002  6.046130627725885E-003  2.145423379339248E-003
 -1.296445515863996E-003 -4.626033466878898E-003 -5.574581878942633E-003
 -7.016232777709694E-003 -6.792929422067349E-003 -7.377280987119129E-003
 -6.608888266304456E-003 -6.671322261703102E-003 -5.551530039356281E-003
 -5.179005843505830E-003 -3.751646840563122E-003 -2.940805789686475E-003
 -1.186818977410848E-003  1.070384116876183E-004  2.240563667911673E-003
  4.085619111985236E-003  6.671677860206549E-003  9.148831351667438E-003
  1.226637579524604E-002  1.545438848874264E-002  1.916409702309711E-002
  2.311177572903032E-002  2.741433057106968E-002  3.209284143503467E-002
  3.686793912234744E-002  4.210241903642618E-002  4.703649237928631E-002
  5.242384325460701E-002  5.693641843106669E-002  6.174363261775953E-002
  6.487414873111416E-002  6.781772236472081E-002  6.791729244923445E-002
  6.705935659705978E-002  6.505894898123613E-002  8.421379762988562E-002
  0.248005808710375       0.000000000000000E+000  0.000000000000000E+000
  0.587810137465461       0.152448553268245       4.369687444315712E-002
  1.294469920078917E-002  1.229686117562931E-003 -2.804416501381463E-003
 -5.653836390080660E-003 -6.145766295933459E-003 -7.205506125866230E-003
 -6.726073051282320E-003 -7.061272208637377E-003 -6.122033293817847E-003
 -5.974062126978438E-003 -4.703999777946215E-003 -4.118441467779716E-003
 -2.531408958383986E-003 -1.484710006556055E-003  4.554083442180022E-004
  2.020144881705040E-003  4.377370584774847E-003  6.536070752796098E-003
  9.388773217624415E-003  1.222414773647788E-002  1.564647481537918E-002
  1.922730637578052E-002  2.325634579543409E-002  2.759964299531677E-002
  3.218267823184274E-002  3.719363824089031E-002  4.211750659092636E-002
  4.750896073614157E-002  5.231910592696157E-002  5.750644083121900E-002
  6.138561769271529E-002  6.523866915859076E-002  6.647018386452061E-002
  6.574573174844707E-002  5.671355743806671E-002  2.770716642449750E-002
 -7.988027469336420E-002 -0.515105238520836       0.000000000000000E+000
  0.000000000000000E+000  0.000000000000000E+000  0.000000000000000E+000
  0.000000000000000E+000  0.000000000000000E+000  0.000000000000000E+000
  0.000000000000000E+000  0.000000000000000E+000  0.000000000000000E+000
  0.000000000000000E+000  0.000000000000000E+000  0.000000000000000E+000
  0.000000000000000E+000  0.000000000000000E+000  0.000000000000000E+000
  0.000000000000000E+000  0.000000000000000E+000  0.000000000000000E+000
  0.000000000000000E+000  0.000000000000000E+000  0.000000000000000E+000
  0.000000000000000E+000  0.000000000000000E+000  0.000000000000000E+000
  0.000000000000000E+000  0.000000000000000E+000  0.000000000000000E+000
  0.000000000000000E+000  0.000000000000000E+000  0.000000000000000E+000
  0.000000000000000E+000  0.000000000000000E+000  0.000000000000000E+000
  0.000000000000000E+000  0.000000000000000E+000  0.000000000000000E+000
  0.000000000000000E+000  0.000000000000000E+000  0.000000000000000E+000
  0.000000000000000E+000  0.000000000000000E+000  0.000000000000000E+000
  0.000000000000000E+000
 Starting Time Loop....
