
Lmod is automatically replacing "GNU/6.4.0-2.28" with "iccifort/2020.4.304".


Lmod is automatically replacing "GNU/6.4.0-2.28" with "iccifort/2020.4.304".


Lmod is automatically replacing "OpenMPI/2.1.2" with "impi/2019.9.304".

-------------------------------------------------------------------------------
The following dependent module(s) are not currently loaded: FFTW/3.3.7 (required by: Boost/1.67.0, Python/3.6.4), OpenBLAS/0.2.20 (required by: ScaLAPACK/2.0.2-OpenBLAS-0.2.20, Boost/1.67.0, Python/3.6.4, ScaLAPACK/2.0.2-OpenBLAS-0.2.20, Boost/1.67.0, Python/3.6.4), ScaLAPACK/2.0.2-OpenBLAS-0.2.20 (required by: Boost/1.67.0, Python/3.6.4)
-------------------------------------------------------------------------------

Inactive Modules:
  1) CMake/3.11.1        4) Python/3.6.4                        7) Tcl/8.6.8
  2) FFTW/3.3.7          5) SQLite/3.21.0                       8) libreadline/7.0
  3) OpenBLAS/0.2.20     6) ScaLAPACK/2.0.2-OpenBLAS-0.2.20     9) tbb/2018_U3

Due to MODULEPATH changes, the following have been reloaded:
  1) Boost/1.67.0     3) bzip2/1.0.6      5) zlib/1.2.11
  2) GMP/6.1.2        4) libffi/3.2.1

The following have been reloaded with a version change:
  1) GCCcore/6.4.0 => GCCcore/10.2.0     3) imkl/2018.1.163 => imkl/2020.4.304
  2) binutils/2.28 => binutils/2.35


Inactive Modules:
  1) UCX/1.9.0

Due to MODULEPATH changes, the following have been reloaded:
  1) binutils/2.35     2) numactl/2.0.13     3) zlib/1.2.11

The following have been reloaded with a version change:
  1) GCCcore/10.2.0 => GCCcore/9.3.0


The following have been reloaded with a version change:
  1) bzip2/1.0.6 => bzip2/1.0.8

 Setting up Laplacians
 Setup and factorization took   2.783300000000000E-002  seconds
 Starting Time Loop....
 Timestep          100  out of         5000
srun: Job step aborted: Waiting up to 32 seconds for job step to finish.
slurmstepd: error: *** JOB 20319036 ON amr-170 CANCELLED AT 2021-04-02T20:16:31 DUE TO TIME LIMIT ***
slurmstepd: error: *** STEP 20319036.0 ON amr-170 CANCELLED AT 2021-04-02T20:16:31 DUE TO TIME LIMIT ***
forrtl: error (78): process killed (SIGTERM)
Image              PC                Routine            Line        Source             
kalle_anka.x       00000000004285EB  Unknown               Unknown  Unknown
libpthread-2.17.s  00002BA996633630  Unknown               Unknown  Unknown
kalle_anka.x       0000000000428030  Unknown               Unknown  Unknown
forrtl: severe (174): SIGSEGV, segmentation fault occurred
Image              PC                Routine            Line        Source             
kalle_anka.x       000000000042865E  Unknown               Unknown  Unknown
libpthread-2.17.s  00002BA996633630  Unknown               Unknown  Unknown
libiomp5.so        00002BA9960580BA  Unknown               Unknown  Unknown
libiomp5.so        00002BA995FCFA0F  Unknown               Unknown  Unknown
libiomp5.so        00002BA995FCFECF  Unknown               Unknown  Unknown
libiomp5.so        00002BA995FD7243  Unknown               Unknown  Unknown
ld-2.17.so         00002BA98D0BC0A8  Unknown               Unknown  Unknown
libc-2.17.so       00002BA996879CE9  Unknown               Unknown  Unknown
libc-2.17.so       00002BA996879D37  Unknown               Unknown  Unknown
kalle_anka.x       0000000000428BD2  Unknown               Unknown  Unknown
libpthread-2.17.s  00002BA996633630  Unknown               Unknown  Unknown
kalle_anka.x       0000000000428030  Unknown               Unknown  Unknown
