
Lmod is automatically replacing "GNU/6.4.0-2.28" with "iccifort/2020.4.304".


Lmod is automatically replacing "GNU/6.4.0-2.28" with "iccifort/2020.4.304".


Lmod is automatically replacing "OpenMPI/2.1.2" with "impi/2019.9.304".

-------------------------------------------------------------------------------
The following dependent module(s) are not currently loaded: FFTW/3.3.7 (required by: Boost/1.67.0, Python/3.6.4), OpenBLAS/0.2.20 (required by: ScaLAPACK/2.0.2-OpenBLAS-0.2.20, Boost/1.67.0, Python/3.6.4, ScaLAPACK/2.0.2-OpenBLAS-0.2.20, Boost/1.67.0, Python/3.6.4), ScaLAPACK/2.0.2-OpenBLAS-0.2.20 (required by: Boost/1.67.0, Python/3.6.4)
-------------------------------------------------------------------------------

Inactive Modules:
  1) CMake/3.11.1        4) Python/3.6.4                        7) Tcl/8.6.8
  2) FFTW/3.3.7          5) SQLite/3.21.0                       8) libreadline/7.0
  3) OpenBLAS/0.2.20     6) ScaLAPACK/2.0.2-OpenBLAS-0.2.20     9) tbb/2018_U3

Due to MODULEPATH changes, the following have been reloaded:
  1) Boost/1.67.0     3) bzip2/1.0.6      5) zlib/1.2.11
  2) GMP/6.1.2        4) libffi/3.2.1

The following have been reloaded with a version change:
  1) GCCcore/6.4.0 => GCCcore/10.2.0     3) imkl/2018.1.163 => imkl/2020.4.304
  2) binutils/2.28 => binutils/2.35

Lmod has detected the following error: These module(s) or extension(s) exist
but cannot be loaded as requested: "FFmpeg"
   Try: "module spider FFmpeg" to see how to load the module(s).



 Setting up Laplacians
 Factoring matrices
 Setup and factorization took    30.8796160000000       seconds
 Starting Time Loop....
 Timestep          100  out of         5000
 Timestep          200  out of         5000
 Timestep          300  out of         5000
 Timestep          400  out of         5000
 Timestep          500  out of         5000
 Timestep          600  out of         5000
 Timestep          700  out of         5000
 Timestep          800  out of         5000
 Timestep          900  out of         5000
 Timestep         1000  out of         5000
 Timestep         1100  out of         5000
 Timestep         1200  out of         5000
 Timestep         1300  out of         5000
 Timestep         1400  out of         5000
 Timestep         1500  out of         5000
 Timestep         1600  out of         5000
 Timestep         1700  out of         5000
 Timestep         1800  out of         5000
 Timestep         1900  out of         5000
 Timestep         2000  out of         5000
 Timestep         2100  out of         5000
 Timestep         2200  out of         5000
 Timestep         2300  out of         5000
 Timestep         2400  out of         5000
 Timestep         2500  out of         5000
 Timestep         2600  out of         5000
 Timestep         2700  out of         5000
 Timestep         2800  out of         5000
 Timestep         2900  out of         5000
 Timestep         3000  out of         5000
 Timestep         3100  out of         5000
 Timestep         3200  out of         5000
 Timestep         3300  out of         5000
 Timestep         3400  out of         5000
 Timestep         3500  out of         5000
 Timestep         3600  out of         5000
 Timestep         3700  out of         5000
 Timestep         3800  out of         5000
 Timestep         3900  out of         5000
 Timestep         4000  out of         5000
 Timestep         4100  out of         5000
 Timestep         4200  out of         5000
 Timestep         4300  out of         5000
 Timestep         4400  out of         5000
 Timestep         4500  out of         5000
 Timestep         4600  out of         5000
 Timestep         4700  out of         5000
 Timestep         4800  out of         5000
 Timestep         4900  out of         5000
 Timestep         5000  out of         5000
 Time loop took    482.225607000000       seconds

                            < M A T L A B (R) >
                  Copyright 1984-2018 The MathWorks, Inc.
                   R2018a (9.4.0.813654) 64-bit (glnxa64)
                             February 23, 2018

 
To get started, type one of these: helpwin, helpdesk, or demo.
For product information, visit www.mathworks.com.
 
MATLAB: management.cpp:671: find: Assertion `' failed.
MATLAB: management.cpp:671: find: Assertion `' failed.
/var/lib/slurmd/job20331981/slurm_script: line 19:  1423 Aborted                 (core dumped) matlab -nodisplay -r "pl"
slurmstepd: error: execve(): ffmpeg: No such file or directory
srun: error: amr-000: task 0: Exited with exit code 2
JobId=20331981 JobName=Incomp_NS
   UserId=lyuliyao(6006467) GroupId=cmse(2362) MCS_label=N/A
   Priority=51629 Nice=0 Account=general QOS=lyuliyao
   JobState=RUNNING Reason=None Dependency=(null)
   Requeue=1 Restarts=0 BatchFlag=1 Reboot=0 ExitCode=0:0
   RunTime=00:09:53 TimeLimit=01:00:00 TimeMin=N/A
   SubmitTime=2021-04-02T10:34:39 EligibleTime=2021-04-02T10:34:39
   AccrueTime=2021-04-02T10:34:39
   StartTime=2021-04-02T10:39:55 EndTime=2021-04-02T11:39:55 Deadline=N/A
   SuspendTime=None SecsPreSuspend=0 LastSchedEval=2021-04-02T10:39:55
   Partition=general-short AllocNode:Sid=dev-intel18:31541
   ReqNodeList=(null) ExcNodeList=(null)
   NodeList=amr-000
   BatchHost=amr-000
   NumNodes=1 NumCPUs=1 NumTasks=1 CPUs/Task=1 ReqB:S:C:T=0:0:*:*
   TRES=cpu=1,mem=8G,node=1,billing=1245
   Socks/Node=* NtasksPerN:B:S:C=0:0:*:* CoreSpec=*
   MinCPUsNode=1 MinMemoryCPU=8G MinTmpDiskNode=0
   Features=amr&[intel14|intel16|intel18|amr|nvf] DelayBoot=00:00:00
   OverSubscribe=OK Contiguous=0 Licenses=(null) Network=(null)
   Command=/mnt/ufs18/home-058/lyuliyao/Documents/CMSE_823_2021/CMSE823_project_group/part3/Dense_N100_nu0.005/insjob.sh
   WorkDir=/mnt/ufs18/home-058/lyuliyao/Documents/CMSE_823_2021/CMSE823_project_group/part3/Dense_N100_nu0.005
   Comment=stdout=/mnt/ufs18/home-058/lyuliyao/Documents/CMSE_823_2021/CMSE823_project_group/part3/Dense_N100_nu0.005/slurm-20331981.out 
   StdErr=/mnt/ufs18/home-058/lyuliyao/Documents/CMSE_823_2021/CMSE823_project_group/part3/Dense_N100_nu0.005/slurm-20331981.out
   StdIn=/dev/null
   StdOut=/mnt/ufs18/home-058/lyuliyao/Documents/CMSE_823_2021/CMSE823_project_group/part3/Dense_N100_nu0.005/slurm-20331981.out
   Power=
   NtasksPerTRES:0


SLURM Job ID: 20331981
WrkDir=/mnt/ufs18/home-058/lyuliyao/Documents/CMSE_823_2021/CMSE823_project_group/part3/Dense_N100_nu0.005
=========================================================================================================
          JobID |            20331981 |      20331981.batch |     20331981.extern |          20331981.0 |
        JobName |           Incomp_NS |               batch |              extern |        kalle_anka.x |
           User |            lyuliyao |                     |                     |                     |
       NodeList |             amr-000 |             amr-000 |             amr-000 |             amr-000 |
         NNodes |                   1 |                   1 |                   1 |                   1 |
         NTasks |                     |                   1 |                   1 |                   1 |
          NCPUS |                   1 |                   1 |                   1 |                   1 |
      AllocGRES |                     |                     |                     |                     |
         ReqMem |                 8Gc |                 8Gc |                 8Gc |                 8Gc |
      Timelimit |            01:00:00 |                     |                     |                     |
        Elapsed |            00:09:54 |            00:09:54 |            00:09:54 |            00:08:39 |
       TotalCPU |           08:33.246 |            00:00:41 |            00:00:00 |           08:33.226 |
     AveCPULoad |            0.864051 |           0.0690236 |                     |            0.988875 |
         MaxRSS |                     |             616528K |                     |            2405844K |
      MaxVMSize |                     |             217968K |                     |            2723396K |
          Start | 2021-04-02T10:39:55 | 2021-04-02T10:39:55 | 2021-04-02T10:39:55 | 2021-04-02T10:40:04 |
            End |             Unknown |             Unknown |             Unknown | 2021-04-02T10:48:43 |
       ExitCode |                 0:0 |                 0:0 |                 0:0 |                 0:0 |
          State |             RUNNING |             RUNNING |             RUNNING |           COMPLETED |
=========================================================================================================
          JobID |          20331981.1 |
        JobName |              ffmpeg |
           User |                     |
       NodeList |             amr-000 |
         NNodes |                   1 |
         NTasks |                   1 |
          NCPUS |                   1 |
      AllocGRES |                     |
         ReqMem |                 8Gc |
      Timelimit |                     |
        Elapsed |            00:00:02 |
       TotalCPU |           00:00.020 |
     AveCPULoad |                0.01 |
         MaxRSS |                   0 |
      MaxVMSize |             287860K |
          Start | 2021-04-02T10:49:46 |
            End | 2021-04-02T10:49:48 |
       ExitCode |                 2:0 |
          State |              FAILED |
=======================================
